\BOOKMARK [1][-]{section.1}{\376\377\000I\000n\000t\000r\000o\000d\000u\000c\000t\000i\000o\000n}{}% 1
\BOOKMARK [2][-]{subsection.1.1}{\376\377\000T\000h\000e\000o\000r\000e\000t\000i\000c\000a\000l\000\040\000B\000a\000c\000k\000g\000r\000o\000u\000n\000d}{section.1}% 2
\BOOKMARK [3][-]{subsubsection.1.1.1}{\376\377\000A\000l\000g\000o\000r\000i\000t\000h\000m\000\040\000A\000p\000p\000r\000e\000c\000i\000a\000t\000i\000o\000n\000\040\000v\000s\000.\000\040\000A\000v\000e\000r\000s\000i\000o\000n}{subsection.1.1}% 3
\BOOKMARK [3][-]{subsubsection.1.1.2}{\376\377\000T\000r\000u\000s\000t\000\040\000a\000n\000d\000\040\000R\000e\000l\000i\000a\000n\000c\000e\000\040\000i\000n\000\040\000A\000I}{subsection.1.1}% 4
\BOOKMARK [3][-]{subsubsection.1.1.3}{\376\377\000D\000e\000l\000e\000g\000a\000t\000i\000o\000n\000\040\000i\000n\000\040\000D\000e\000c\000i\000s\000i\000o\000n\000-\000M\000a\000k\000i\000n\000g}{subsection.1.1}% 5
\BOOKMARK [2][-]{subsection.1.2}{\376\377\000R\000e\000s\000e\000a\000r\000c\000h\000\040\000G\000a\000p}{section.1}% 6
\BOOKMARK [2][-]{subsection.1.3}{\376\377\000R\000e\000s\000e\000a\000r\000c\000h\000\040\000Q\000u\000e\000s\000t\000i\000o\000n\000\040\000a\000n\000d\000\040\000H\000y\000p\000o\000t\000h\000e\000s\000e\000s}{section.1}% 7
\BOOKMARK [2][-]{subsection.1.4}{\376\377\000C\000o\000n\000t\000r\000i\000b\000u\000t\000i\000o\000n\000s}{section.1}% 8
\BOOKMARK [2][-]{subsection.1.5}{\376\377\000O\000u\000t\000l\000i\000n\000e}{section.1}% 9
\BOOKMARK [1][-]{section.2}{\376\377\000L\000i\000t\000e\000r\000a\000t\000u\000r\000e\000\040\000R\000e\000v\000i\000e\000w}{}% 10
\BOOKMARK [2][-]{subsection.2.1}{\376\377\000A\000l\000g\000o\000r\000i\000t\000h\000m\000\040\000A\000p\000p\000r\000e\000c\000i\000a\000t\000i\000o\000n\000\040\000a\000n\000d\000\040\000A\000v\000e\000r\000s\000i\000o\000n}{section.2}% 11
\BOOKMARK [2][-]{subsection.2.2}{\376\377\000T\000r\000u\000s\000t\000,\000\040\000P\000e\000r\000s\000o\000n\000a\000l\000i\000z\000a\000t\000i\000o\000n\000,\000\040\000a\000n\000d\000\040\000D\000e\000l\000e\000g\000a\000t\000i\000o\000n}{section.2}% 12
\BOOKMARK [2][-]{subsection.2.3}{\376\377\000I\000n\000d\000i\000v\000i\000d\000u\000a\000l\000\040\000D\000i\000f\000f\000e\000r\000e\000n\000c\000e\000s\000\040\000a\000n\000d\000\040\000E\000x\000p\000l\000a\000i\000n\000a\000b\000i\000l\000i\000t\000y}{section.2}% 13
\BOOKMARK [2][-]{subsection.2.4}{\376\377\000S\000u\000m\000m\000a\000r\000y\000\040\000a\000n\000d\000\040\000R\000e\000s\000e\000a\000r\000c\000h\000\040\000G\000a\000p}{section.2}% 14
\BOOKMARK [1][-]{section.3}{\376\377\000M\000e\000t\000h\000o\000d}{}% 15
\BOOKMARK [2][-]{subsection.3.1}{\376\377\000P\000a\000r\000t\000i\000c\000i\000p\000a\000n\000t\000s}{section.3}% 16
\BOOKMARK [2][-]{subsection.3.2}{\376\377\000E\000x\000p\000e\000r\000i\000m\000e\000n\000t\000a\000l\000\040\000D\000e\000s\000i\000g\000n}{section.3}% 17
\BOOKMARK [2][-]{subsection.3.3}{\376\377\000P\000r\000o\000c\000e\000d\000u\000r\000e}{section.3}% 18
\BOOKMARK [2][-]{subsection.3.4}{\376\377\000M\000e\000a\000s\000u\000r\000e\000s}{section.3}% 19
\BOOKMARK [3][-]{subsubsection.3.4.1}{\376\377\000P\000r\000i\000m\000a\000r\000y\000\040\000D\000e\000p\000e\000n\000d\000e\000n\000t\000\040\000V\000a\000r\000i\000a\000b\000l\000e}{subsection.3.4}% 20
\BOOKMARK [3][-]{subsubsection.3.4.2}{\376\377\000S\000e\000c\000o\000n\000d\000a\000r\000y\000\040\000M\000e\000a\000s\000u\000r\000e\000s}{subsection.3.4}% 21
\BOOKMARK [2][-]{subsection.3.5}{\376\377\000S\000t\000a\000t\000i\000s\000t\000i\000c\000a\000l\000\040\000A\000n\000a\000l\000y\000s\000i\000s}{section.3}% 22
\BOOKMARK [1][-]{section.4}{\376\377\000R\000e\000s\000u\000l\000t\000s}{}% 23
\BOOKMARK [2][-]{subsection.4.1}{\376\377\000D\000e\000s\000c\000r\000i\000p\000t\000i\000v\000e\000\040\000S\000t\000a\000t\000i\000s\000t\000i\000c\000s}{section.4}% 24
\BOOKMARK [2][-]{subsection.4.2}{\376\377\000P\000r\000i\000m\000a\000r\000y\000\040\000H\000y\000p\000o\000t\000h\000e\000s\000i\000s\000\040\000T\000e\000s\000t}{section.4}% 25
\BOOKMARK [3][-]{subsubsection.4.2.1}{\376\377\000R\000o\000u\000n\000d\000\040\0001\000\040\000D\000e\000l\000e\000g\000a\000t\000i\000o\000n}{subsection.4.2}% 26
\BOOKMARK [3][-]{subsubsection.4.2.2}{\376\377\000P\000e\000r\000i\000o\000d\000s\000\040\0002\000-\0001\0000\000\040\000D\000e\000l\000e\000g\000a\000t\000i\000o\000n}{subsection.4.2}% 27
\BOOKMARK [3][-]{subsubsection.4.2.3}{\376\377\000O\000v\000e\000r\000a\000l\000l\000\040\000D\000e\000l\000e\000g\000a\000t\000i\000o\000n}{subsection.4.2}% 28
\BOOKMARK [3][-]{subsubsection.4.2.4}{\376\377\000R\000e\000g\000r\000e\000s\000s\000i\000o\000n\000\040\000A\000n\000a\000l\000y\000s\000i\000s}{subsection.4.2}% 29
\BOOKMARK [2][-]{subsection.4.3}{\376\377\000E\000c\000o\000n\000o\000m\000i\000c\000\040\000I\000m\000p\000l\000i\000c\000a\000t\000i\000o\000n\000s}{section.4}% 30
\BOOKMARK [2][-]{subsection.4.4}{\376\377\000N\000e\000v\000e\000r\000-\000D\000e\000l\000e\000g\000a\000t\000o\000r\000s}{section.4}% 31
\BOOKMARK [2][-]{subsection.4.5}{\376\377\000W\000i\000n\000-\000S\000t\000a\000y\000,\000\040\000L\000o\000s\000e\000-\000S\000h\000i\000f\000t\000\040\000P\000a\000t\000t\000e\000r\000n\000s}{section.4}% 32
\BOOKMARK [2][-]{subsection.4.6}{\376\377\000A\000d\000d\000i\000t\000i\000o\000n\000a\000l\000\040\000A\000n\000a\000l\000y\000s\000e\000s}{section.4}% 33
\BOOKMARK [3][-]{subsubsection.4.6.1}{\376\377\000C\000h\000o\000i\000c\000e\000\040\000Q\000u\000a\000l\000i\000t\000y}{subsection.4.6}% 34
\BOOKMARK [3][-]{subsubsection.4.6.2}{\376\377\000I\000n\000d\000i\000v\000i\000d\000u\000a\000l\000\040\000D\000i\000f\000f\000e\000r\000e\000n\000c\000e\000s}{subsection.4.6}% 35
\BOOKMARK [2][-]{subsection.4.7}{\376\377\000S\000u\000m\000m\000a\000r\000y}{section.4}% 36
\BOOKMARK [1][-]{section.5}{\376\377\000D\000i\000s\000c\000u\000s\000s\000i\000o\000n}{}% 37
\BOOKMARK [1][-]{section.6}{\376\377\000D\000i\000s\000c\000u\000s\000s\000i\000o\000n}{}% 38
\BOOKMARK [2][-]{subsection.6.1}{\376\377\000M\000a\000i\000n\000\040\000F\000i\000n\000d\000i\000n\000g\000s}{section.6}% 39
\BOOKMARK [2][-]{subsection.6.2}{\376\377\000T\000h\000e\000o\000r\000e\000t\000i\000c\000a\000l\000\040\000I\000m\000p\000l\000i\000c\000a\000t\000i\000o\000n\000s}{section.6}% 40
\BOOKMARK [3][-]{subsubsection.6.2.1}{\376\377\000A\000l\000g\000o\000r\000i\000t\000h\000m\000\040\000A\000p\000p\000r\000e\000c\000i\000a\000t\000i\000o\000n\000\040\000v\000s\000.\000\040\000A\000v\000e\000r\000s\000i\000o\000n}{subsection.6.2}% 41
\BOOKMARK [3][-]{subsubsection.6.2.2}{\376\377\000R\000o\000l\000e\000\040\000o\000f\000\040\000P\000e\000r\000s\000o\000n\000a\000l\000i\000z\000a\000t\000i\000o\000n\000\040\000i\000n\000\040\000T\000r\000u\000s\000t}{subsection.6.2}% 42
\BOOKMARK [3][-]{subsubsection.6.2.3}{\376\377\000M\000A\000B\000A\000-\000H\000A\000B\000A\000\040\000F\000r\000a\000m\000e\000w\000o\000r\000k}{subsection.6.2}% 43
\BOOKMARK [3][-]{subsubsection.6.2.4}{\376\377\000T\000r\000u\000s\000t\000\040\000a\000n\000d\000\040\000R\000e\000l\000i\000a\000n\000c\000e}{subsection.6.2}% 44
\BOOKMARK [2][-]{subsection.6.3}{\376\377\000P\000r\000a\000c\000t\000i\000c\000a\000l\000\040\000I\000m\000p\000l\000i\000c\000a\000t\000i\000o\000n\000s}{section.6}% 45
\BOOKMARK [3][-]{subsubsection.6.3.1}{\376\377\000A\000I\000\040\000S\000y\000s\000t\000e\000m\000\040\000D\000e\000s\000i\000g\000n}{subsection.6.3}% 46
\BOOKMARK [3][-]{subsubsection.6.3.2}{\376\377\000U\000s\000e\000r\000\040\000E\000d\000u\000c\000a\000t\000i\000o\000n\000\040\000a\000n\000d\000\040\000C\000o\000m\000m\000u\000n\000i\000c\000a\000t\000i\000o\000n}{subsection.6.3}% 47
\BOOKMARK [3][-]{subsubsection.6.3.3}{\376\377\000P\000o\000l\000i\000c\000y\000\040\000a\000n\000d\000\040\000R\000e\000g\000u\000l\000a\000t\000i\000o\000n}{subsection.6.3}% 48
\BOOKMARK [2][-]{subsection.6.4}{\376\377\000L\000i\000m\000i\000t\000a\000t\000i\000o\000n\000s}{section.6}% 49
\BOOKMARK [3][-]{subsubsection.6.4.1}{\376\377\000E\000x\000p\000e\000r\000i\000m\000e\000n\000t\000a\000l\000\040\000D\000e\000s\000i\000g\000n}{subsection.6.4}% 50
\BOOKMARK [3][-]{subsubsection.6.4.2}{\376\377\000M\000e\000a\000s\000u\000r\000e\000m\000e\000n\000t}{subsection.6.4}% 51
\BOOKMARK [3][-]{subsubsection.6.4.3}{\376\377\000O\000n\000e\000-\000S\000h\000o\000t\000\040\000I\000n\000t\000e\000r\000a\000c\000t\000i\000o\000n}{subsection.6.4}% 52
\BOOKMARK [2][-]{subsection.6.5}{\376\377\000F\000u\000t\000u\000r\000e\000\040\000R\000e\000s\000e\000a\000r\000c\000h}{section.6}% 53
\BOOKMARK [3][-]{subsubsection.6.5.1}{\376\377\000M\000e\000c\000h\000a\000n\000i\000s\000m\000s}{subsection.6.5}% 54
\BOOKMARK [3][-]{subsubsection.6.5.2}{\376\377\000D\000e\000s\000i\000g\000n\000\040\000I\000n\000t\000e\000r\000v\000e\000n\000t\000i\000o\000n\000s}{subsection.6.5}% 55
\BOOKMARK [3][-]{subsubsection.6.5.3}{\376\377\000E\000x\000t\000e\000n\000s\000i\000o\000n\000s}{subsection.6.5}% 56
\BOOKMARK [3][-]{subsubsection.6.5.4}{\376\377\000L\000o\000n\000g\000i\000t\000u\000d\000i\000n\000a\000l\000\040\000S\000t\000u\000d\000i\000e\000s}{subsection.6.5}% 57
\BOOKMARK [2][-]{subsection.6.6}{\376\377\000C\000o\000n\000c\000l\000u\000s\000i\000o\000n}{section.6}% 58
\BOOKMARK [1][-]{section.7}{\376\377\000C\000o\000n\000c\000l\000u\000s\000i\000o\000n}{}% 59
\BOOKMARK [1][-]{section.8}{\376\377\000C\000o\000n\000c\000l\000u\000s\000i\000o\000n}{}% 60
\BOOKMARK [1][-]{appendix.A}{\376\377\000A\000d\000d\000i\000t\000i\000o\000n\000a\000l\000\040\000R\000e\000g\000r\000e\000s\000s\000i\000o\000n\000\040\000T\000a\000b\000l\000e\000s}{}% 61
\BOOKMARK [1][-]{appendix.B}{\376\377\000E\000x\000p\000e\000r\000i\000m\000e\000n\000t\000a\000l\000\040\000M\000a\000t\000e\000r\000i\000a\000l\000s}{}% 62
\BOOKMARK [1][-]{appendix.C}{\376\377\000A\000d\000d\000i\000t\000i\000o\000n\000a\000l\000\040\000A\000n\000a\000l\000y\000s\000e\000s}{}% 63
\BOOKMARK [1][-]{appendix.D}{\376\377\000P\000r\000e\000r\000e\000g\000i\000s\000t\000r\000a\000t\000i\000o\000n\000\040\000D\000o\000c\000u\000m\000e\000n\000t}{}% 64
